2022-02-09 03:50:54,363:DEBUG:discord.client: on_ready has successfully been registered as an event
2022-02-09 03:50:54,363:DEBUG:discord.client: on_message has successfully been registered as an event
2022-02-09 03:50:54,364:INFO:discord.client: logging in using static token
2022-02-09 03:50:54,653:DEBUG:discord.http: GET https://discord.com/api/v7/users/@me with None has returned 200
2022-02-09 03:50:54,653:DEBUG:discord.http: GET https://discord.com/api/v7/users/@me has received {'id': '938954382916067339', 'username': 'HcT', 'avatar': None, 'discriminator': '2174', 'public_flags': 0, 'flags': 0, 'bot': True, 'banner': None, 'banner_color': None, 'accent_color': None, 'bio': '', 'locale': 'en-US', 'mfa_enabled': False, 'email': None, 'verified': True}
2022-02-09 03:50:54,666:DEBUG:discord.http: GET https://discord.com/api/v7/gateway with None has returned 200
2022-02-09 03:50:54,666:DEBUG:discord.http: GET https://discord.com/api/v7/gateway has received {'url': 'wss://gateway.discord.gg'}
2022-02-09 03:50:54,884:DEBUG:discord.gateway: Created websocket connected to wss://gateway.discord.gg?encoding=json&v=6&compress=zlib-stream
2022-02-09 03:50:54,884:DEBUG:discord.client: Dispatching event socket_raw_receive
2022-02-09 03:50:54,885:DEBUG:discord.gateway: For Shard ID None: WebSocket Event: {'t': None, 's': None, 'op': 10, 'd': {'heartbeat_interval': 41250, '_trace': ['["gateway-prd-main-s7rp",{"micros":0.0}]']}}
2022-02-09 03:50:54,885:DEBUG:discord.client: Dispatching event socket_response
2022-02-09 03:50:54,885:DEBUG:discord.client: Dispatching event socket_raw_send
2022-02-09 03:50:54,885:DEBUG:discord.client: Dispatching event socket_raw_send
2022-02-09 03:50:54,885:INFO:discord.gateway: Shard ID None has sent the IDENTIFY payload.
2022-02-09 03:50:55,024:DEBUG:discord.client: Dispatching event socket_raw_receive
2022-02-09 03:50:55,025:DEBUG:discord.gateway: For Shard ID None: WebSocket Event: {'t': None, 's': None, 'op': 11, 'd': None}
2022-02-09 03:50:55,025:DEBUG:discord.client: Dispatching event socket_response
2022-02-09 03:50:55,287:DEBUG:discord.client: Dispatching event socket_raw_receive
2022-02-09 03:50:55,287:DEBUG:discord.gateway: For Shard ID None: WebSocket Event: {'t': 'READY', 's': 1, 'op': 0, 'd': {'v': 6, 'user_settings': {}, 'user': {'verified': True, 'username': 'HcT', 'mfa_enabled': False, 'id': '938954382916067339', 'flags': 0, 'email': None, 'discriminator': '2174', 'bot': True, 'avatar': None}, 'session_id': '3eac78ad646ab3f2572ffd2dd2d145c6', 'relationships': [], 'private_channels': [], 'presences': [], 'guilds': [{'unavailable': True, 'id': '938952909771657296'}], 'guild_join_requests': [], 'geo_ordered_rtc_regions': ['milan', 'russia', 'st-pete', 'stockholm', 'rotterdam'], 'application': {'id': '938954382916067339', 'flags': 303104}, '_trace': ['["gateway-prd-main-s7rp",{"micros":262005,"calls":["discord-sessions-blue-prd-2-82",{"micros":261003,"calls":["start_session",{"micros":255907,"calls":["api-prd-main-vp8q",{"micros":219218,"calls":["get_user",{"micros":17773},"add_authorized_ip",{"micros":17831},"get_guilds",{"micros":46053},"coros_wait",{"micros":2}]}]},"guilds_connect",{"micros":1,"calls":[]},"presence_connect",{"micros":4452,"calls":[]}]}]}]']}}
2022-02-09 03:50:55,287:DEBUG:discord.client: Dispatching event socket_response
2022-02-09 03:50:55,287:INFO:discord.gateway: Shard ID None has connected to Gateway: ["gateway-prd-main-s7rp",{"micros":262005,"calls":["discord-sessions-blue-prd-2-82",{"micros":261003,"calls":["start_session",{"micros":255907,"calls":["api-prd-main-vp8q",{"micros":219218,"calls":["get_user",{"micros":17773},"add_authorized_ip",{"micros":17831},"get_guilds",{"micros":46053},"coros_wait",{"micros":2}]}]},"guilds_connect",{"micros":1,"calls":[]},"presence_connect",{"micros":4452,"calls":[]}]}]}] (Session ID: 3eac78ad646ab3f2572ffd2dd2d145c6).
2022-02-09 03:50:55,294:DEBUG:discord.client: Dispatching event connect
2022-02-09 03:50:55,295:DEBUG:discord.client: Dispatching event socket_raw_receive
2022-02-09 03:50:55,295:DEBUG:discord.gateway: For Shard ID None: WebSocket Event: {'t': 'GUILD_CREATE', 's': 2, 'op': 0, 'd': {'public_updates_channel_id': None, 'channels': [{'type': 4, 'position': 0, 'permission_overwrites': [], 'name': 'Metin Kanalları', 'id': '938952909771657297'}, {'type': 4, 'position': 0, 'permission_overwrites': [], 'name': 'Ses Kanalları', 'id': '938952909771657298'}, {'type': 0, 'topic': None, 'rate_limit_per_user': 0, 'position': 0, 'permission_overwrites': [], 'parent_id': '938952909771657297', 'name': 'genel', 'last_message_id': '940771496857575445', 'id': '938952909771657299'}, {'user_limit': 0, 'type': 2, 'rtc_region': None, 'rate_limit_per_user': 0, 'position': 0, 'permission_overwrites': [], 'parent_id': '938952909771657298', 'name': 'Genel', 'last_message_id': None, 'id': '938952909771657300', 'bitrate': 64000}, {'type': 0, 'topic': None, 'rate_limit_per_user': 0, 'position': 1, 'permission_overwrites': [], 'parent_id': '938952909771657297', 'nsfw': False, 'name': 'deneme', 'last_message_id': '940771354725204028', 'id': '940760484972470302'}], 'application_command_count': 0, 'name': 'Python Bot', 'large': False, 'discovery_splash': None, 'afk_timeout': 300, 'splash': None, 'description': None, 'max_video_channel_users': 25, 'premium_tier': 0, 'stage_instances': [], 'max_members': 500000, 'joined_at': '2022-02-04T01:00:31.811000+00:00', 'presences': [], 'lazy': True, 'hub_type': None, 'application_id': None, 'guild_scheduled_events': [], 'verification_level': 0, 'premium_progress_bar_enabled': False, 'mfa_level': 0, 'banner': None, 'system_channel_flags': 0, 'member_count': 3, 'features': [], 'voice_states': [], 'system_channel_id': '938952909771657299', 'application_command_counts': {'3': 0, '2': 0, '1': 0}, 'embedded_activities': [], 'guild_hashes': {'version': 1, 'roles': {'omitted': False, 'hash': 'lVqCRnUI7eo'}, 'metadata': {'omitted': False, 'hash': 'M7lO6CaqREo'}, 'channels': {'omitted': False, 'hash': 'vhQt66sHLho'}}, 'explicit_content_filter': 0, 'stickers': [], 'threads': [], 'region': 'deprecated', 'default_message_notifications': 0, 'nsfw_level': 0, 'premium_subscription_count': 0, 'id': '938952909771657296', 'icon': None, 'owner_id': '637977078595190794', 'members': [{'user': {'username': 'HcT', 'id': '938954382916067339', 'discriminator': '2174', 'bot': True, 'avatar': None}, 'roles': ['938962192483622943'], 'mute': False, 'joined_at': '2022-02-04T01:00:31.811000+00:00', 'hoisted_role': None, 'deaf': False}], 'unavailable': False, 'vanity_url_code': None, 'emojis': [], 'roles': [{'unicode_emoji': None, 'position': 0, 'permissions_new': '1071698660929', 'permissions': 104320577, 'name': '@everyone', 'mentionable': False, 'managed': False, 'id': '938952909771657296', 'icon': None, 'hoist': False, 'color': 0}, {'unicode_emoji': None, 'tags': {'bot_id': '938954382916067339'}, 'position': 1, 'permissions_new': '8', 'permissions': 8, 'name': 'HcT', 'mentionable': False, 'managed': True, 'id': '938962192483622943', 'icon': None, 'hoist': False, 'color': 0}], 'nsfw': False, 'rules_channel_id': None, 'afk_channel_id': None, 'preferred_locale': 'en-US'}}
2022-02-09 03:50:55,296:DEBUG:discord.client: Dispatching event socket_response
2022-02-09 03:50:55,297:DEBUG:discord.client: Dispatching event socket_raw_send
2022-02-09 03:50:55,438:DEBUG:discord.client: Dispatching event socket_raw_receive
2022-02-09 03:50:55,439:DEBUG:discord.gateway: For Shard ID None: WebSocket Event: {'t': 'GUILD_MEMBERS_CHUNK', 's': 3, 'op': 0, 'd': {'nonce': 'b51de907e9c4d10153791cb6cdebe7d6', 'members': [{'user': {'username': '{Morty}', 'id': '301101916090400798', 'discriminator': '4849', 'avatar': 'caf6305c60733f7606224e348539d84b'}, 'roles': [], 'premium_since': None, 'pending': False, 'nick': None, 'mute': False, 'joined_at': '2022-02-09T00:39:50.670023+00:00', 'hoisted_role': None, 'deaf': False, 'communication_disabled_until': None, 'avatar': None}, {'user': {'username': '{Rick}', 'id': '637977078595190794', 'discriminator': '5202', 'avatar': '7745d2daa9885dcde061955de02baaf7'}, 'roles': [], 'mute': False, 'joined_at': '2022-02-04T00:23:38.605000+00:00', 'hoisted_role': None, 'deaf': False}, {'user': {'username': 'HcT', 'id': '938954382916067339', 'discriminator': '2174', 'bot': True, 'avatar': None}, 'roles': ['938962192483622943'], 'mute': False, 'joined_at': '2022-02-04T01:00:31.811000+00:00', 'hoisted_role': None, 'deaf': False}], 'guild_id': '938952909771657296', 'chunk_index': 0, 'chunk_count': 1}}
2022-02-09 03:50:55,439:DEBUG:discord.client: Dispatching event socket_response
2022-02-09 03:50:55,440:DEBUG:discord.state: Processed a chunk for 3 members in guild ID 938952909771657296.
2022-02-09 03:50:57,314:DEBUG:discord.client: Dispatching event guild_available
2022-02-09 03:50:57,315:DEBUG:discord.client: Dispatching event ready
2022-02-09 03:50:57,525:DEBUG:discord.http: POST https://discord.com/api/v7/users/@me/channels with {"recipient_id":637977078595190794} has returned 200
2022-02-09 03:50:57,525:DEBUG:discord.http: POST https://discord.com/api/v7/users/@me/channels has received {'id': '940771310064267334', 'type': 1, 'last_message_id': '940771484928991232', 'recipients': [{'id': '637977078595190794', 'username': '{Rick}', 'avatar': '7745d2daa9885dcde061955de02baaf7', 'discriminator': '5202', 'public_flags': 0}]}
2022-02-09 03:50:57,533:DEBUG:discord.client: Dispatching event socket_raw_receive
2022-02-09 03:50:57,534:DEBUG:discord.gateway: For Shard ID None: WebSocket Event: {'t': 'CHANNEL_CREATE', 's': 4, 'op': 0, 'd': {'type': 1, 'recipients': [{'username': '{Rick}', 'public_flags': 0, 'id': '637977078595190794', 'discriminator': '5202', 'avatar': '7745d2daa9885dcde061955de02baaf7'}], 'last_message_id': '940771484928991232', 'id': '940771310064267334'}}
2022-02-09 03:50:57,534:DEBUG:discord.client: Dispatching event socket_response
2022-02-09 03:50:58,029:DEBUG:discord.client: Dispatching event socket_raw_receive
2022-02-09 03:50:58,030:DEBUG:discord.gateway: For Shard ID None: WebSocket Event: {'t': 'CHANNEL_CREATE', 's': 5, 'op': 0, 'd': {'type': 1, 'recipients': [{'username': '{Rick}', 'public_flags': 0, 'id': '637977078595190794', 'discriminator': '5202', 'avatar': '7745d2daa9885dcde061955de02baaf7'}], 'last_message_id': '940771719780630609', 'id': '940771310064267334'}}
2022-02-09 03:50:58,030:DEBUG:discord.client: Dispatching event socket_response
2022-02-09 03:50:58,030:DEBUG:discord.client: Dispatching event socket_raw_receive
2022-02-09 03:50:58,031:DEBUG:discord.gateway: For Shard ID None: WebSocket Event: {'t': 'MESSAGE_CREATE', 's': 6, 'op': 0, 'd': {'type': 0, 'tts': False, 'timestamp': '2022-02-09T00:50:56.689000+00:00', 'referenced_message': None, 'pinned': False, 'mentions': [], 'mention_roles': [], 'mention_everyone': False, 'id': '940771719780630609', 'flags': 0, 'embeds': [], 'edited_timestamp': None, 'content': 'Merhaba sunucumuza hoşgeldiniz ben botunuz HCT', 'components': [], 'channel_id': '940771310064267334', 'author': {'username': 'HcT', 'public_flags': 0, 'id': '938954382916067339', 'discriminator': '2174', 'bot': True, 'avatar': None}, 'attachments': []}}
2022-02-09 03:50:58,031:DEBUG:discord.client: Dispatching event socket_response
2022-02-09 03:50:58,031:DEBUG:discord.client: Dispatching event message
2022-02-09 03:50:58,086:DEBUG:discord.http: POST https://discord.com/api/v7/channels/940771310064267334/messages with {"content":"Merhaba sunucumuza ho\u015fgeldiniz ben botunuz HCT "} has returned 200
2022-02-09 03:50:58,086:DEBUG:discord.http: POST https://discord.com/api/v7/channels/940771310064267334/messages has received {'id': '940771719780630609', 'type': 0, 'content': 'Merhaba sunucumuza hoşgeldiniz ben botunuz HCT', 'channel_id': '940771310064267334', 'author': {'id': '938954382916067339', 'username': 'HcT', 'avatar': None, 'discriminator': '2174', 'public_flags': 0, 'bot': True}, 'attachments': [], 'embeds': [], 'mentions': [], 'mention_roles': [], 'pinned': False, 'mention_everyone': False, 'tts': False, 'timestamp': '2022-02-09T00:50:56.689000+00:00', 'edited_timestamp': None, 'flags': 0, 'components': [], 'referenced_message': None}
2022-02-09 03:50:58,253:DEBUG:discord.client: Dispatching event socket_raw_receive
2022-02-09 03:50:58,254:DEBUG:discord.gateway: For Shard ID None: WebSocket Event: {'t': 'CHANNEL_CREATE', 's': 7, 'op': 0, 'd': {'type': 1, 'recipients': [{'username': '{Morty}', 'public_flags': 0, 'id': '301101916090400798', 'discriminator': '4849', 'avatar': 'caf6305c60733f7606224e348539d84b'}], 'last_message_id': '940771487223279616', 'id': '940771312731844608'}}
2022-02-09 03:50:58,254:DEBUG:discord.client: Dispatching event socket_response
2022-02-09 03:50:58,254:DEBUG:discord.client: Dispatching event private_channel_create
2022-02-09 03:50:58,257:DEBUG:discord.http: POST https://discord.com/api/v7/users/@me/channels with {"recipient_id":301101916090400798} has returned 200
2022-02-09 03:50:58,257:DEBUG:discord.http: POST https://discord.com/api/v7/users/@me/channels has received {'id': '940771312731844608', 'type': 1, 'last_message_id': '940771487223279616', 'recipients': [{'id': '301101916090400798', 'username': '{Morty}', 'avatar': 'caf6305c60733f7606224e348539d84b', 'discriminator': '4849', 'public_flags': 0}]}
2022-02-09 03:51:00,443:DEBUG:discord.http: POST https://discord.com/api/v7/channels/940771312731844608/messages with {"content":"Merhaba sunucumuza ho\u015fgeldiniz ben botunuz HCT "} has returned 500
2022-02-09 03:51:01,662:DEBUG:discord.client: Dispatching event socket_raw_receive
2022-02-09 03:51:01,662:DEBUG:discord.gateway: For Shard ID None: WebSocket Event: {'t': 'CHANNEL_CREATE', 's': 8, 'op': 0, 'd': {'type': 1, 'recipients': [{'username': '{Morty}', 'public_flags': 0, 'id': '301101916090400798', 'discriminator': '4849', 'avatar': 'caf6305c60733f7606224e348539d84b'}], 'last_message_id': '940771735421206538', 'id': '940771312731844608'}}
2022-02-09 03:51:01,662:DEBUG:discord.client: Dispatching event socket_response
2022-02-09 03:51:01,672:DEBUG:discord.client: Dispatching event socket_raw_receive
2022-02-09 03:51:01,672:DEBUG:discord.gateway: For Shard ID None: WebSocket Event: {'t': 'MESSAGE_CREATE', 's': 9, 'op': 0, 'd': {'type': 0, 'tts': False, 'timestamp': '2022-02-09T00:51:00.418000+00:00', 'referenced_message': None, 'pinned': False, 'mentions': [], 'mention_roles': [], 'mention_everyone': False, 'id': '940771735421206538', 'flags': 0, 'embeds': [], 'edited_timestamp': None, 'content': 'Merhaba sunucumuza hoşgeldiniz ben botunuz HCT', 'components': [], 'channel_id': '940771312731844608', 'author': {'username': 'HcT', 'public_flags': 0, 'id': '938954382916067339', 'discriminator': '2174', 'bot': True, 'avatar': None}, 'attachments': []}}
2022-02-09 03:51:01,672:DEBUG:discord.client: Dispatching event socket_response
2022-02-09 03:51:01,673:DEBUG:discord.client: Dispatching event message
2022-02-09 03:51:01,678:DEBUG:discord.http: POST https://discord.com/api/v7/channels/940771312731844608/messages with {"content":"Merhaba sunucumuza ho\u015fgeldiniz ben botunuz HCT "} has returned 200
2022-02-09 03:51:01,679:DEBUG:discord.http: POST https://discord.com/api/v7/channels/940771312731844608/messages has received {'id': '940771735421206538', 'type': 0, 'content': 'Merhaba sunucumuza hoşgeldiniz ben botunuz HCT', 'channel_id': '940771312731844608', 'author': {'id': '938954382916067339', 'username': 'HcT', 'avatar': None, 'discriminator': '2174', 'public_flags': 0, 'bot': True}, 'attachments': [], 'embeds': [], 'mentions': [], 'mention_roles': [], 'pinned': False, 'mention_everyone': False, 'tts': False, 'timestamp': '2022-02-09T00:51:00.418000+00:00', 'edited_timestamp': None, 'flags': 0, 'components': [], 'referenced_message': None}
2022-02-09 03:51:01,898:DEBUG:discord.client: Dispatching event socket_raw_receive
2022-02-09 03:51:01,898:DEBUG:discord.gateway: For Shard ID None: WebSocket Event: {'t': 'MESSAGE_CREATE', 's': 10, 'op': 0, 'd': {'type': 0, 'tts': False, 'timestamp': '2022-02-09T00:51:00.654000+00:00', 'referenced_message': None, 'pinned': False, 'mentions': [], 'mention_roles': [], 'mention_everyone': False, 'member': {'roles': ['938962192483622943'], 'mute': False, 'joined_at': '2022-02-04T01:00:31.811000+00:00', 'hoisted_role': None, 'deaf': False}, 'id': '940771736411074590', 'flags': 0, 'embeds': [], 'edited_timestamp': None, 'content': 'GENEL KANAALINA HOŞGELDİNİZ', 'components': [], 'channel_id': '938952909771657299', 'author': {'username': 'HcT', 'public_flags': 0, 'id': '938954382916067339', 'discriminator': '2174', 'bot': True, 'avatar': None}, 'attachments': [], 'guild_id': '938952909771657296'}}
2022-02-09 03:51:01,899:DEBUG:discord.client: Dispatching event socket_response
2022-02-09 03:51:01,899:DEBUG:discord.client: Dispatching event message
2022-02-09 03:51:01,925:DEBUG:discord.http: POST https://discord.com/api/v7/channels/938952909771657299/messages with {"content":"GENEL KANAALINA HO\u015eGELD\u0130N\u0130Z"} has returned 200
2022-02-09 03:51:01,925:DEBUG:discord.http: POST https://discord.com/api/v7/channels/938952909771657299/messages has received {'id': '940771736411074590', 'type': 0, 'content': 'GENEL KANAALINA HOŞGELDİNİZ', 'channel_id': '938952909771657299', 'author': {'id': '938954382916067339', 'username': 'HcT', 'avatar': None, 'discriminator': '2174', 'public_flags': 0, 'bot': True}, 'attachments': [], 'embeds': [], 'mentions': [], 'mention_roles': [], 'pinned': False, 'mention_everyone': False, 'tts': False, 'timestamp': '2022-02-09T00:51:00.654000+00:00', 'edited_timestamp': None, 'flags': 0, 'components': [], 'referenced_message': None}
2022-02-09 03:51:04,109:DEBUG:discord.http: POST https://discord.com/api/v7/channels/940760484972470302/messages with {"content":"DENEME KANALINA HO\u015eGELD\u0130N\u0130Z"} has returned 500
2022-02-09 03:51:07,299:DEBUG:discord.http: POST https://discord.com/api/v7/channels/940760484972470302/messages with {"content":"DENEME KANALINA HO\u015eGELD\u0130N\u0130Z"} has returned 500
2022-02-09 03:51:12,505:DEBUG:discord.http: POST https://discord.com/api/v7/channels/940760484972470302/messages with {"content":"DENEME KANALINA HO\u015eGELD\u0130N\u0130Z"} has returned 500
2022-02-09 03:51:17,729:DEBUG:discord.client: Dispatching event socket_raw_receive
2022-02-09 03:51:17,729:DEBUG:discord.gateway: For Shard ID None: WebSocket Event: {'t': 'MESSAGE_CREATE', 's': 11, 'op': 0, 'd': {'type': 0, 'tts': False, 'timestamp': '2022-02-09T00:51:16.489000+00:00', 'referenced_message': None, 'pinned': False, 'mentions': [], 'mention_roles': [], 'mention_everyone': False, 'member': {'roles': ['938962192483622943'], 'mute': False, 'joined_at': '2022-02-04T01:00:31.811000+00:00', 'hoisted_role': None, 'deaf': False}, 'id': '940771802827882526', 'flags': 0, 'embeds': [], 'edited_timestamp': None, 'content': 'DENEME KANALINA HOŞGELDİNİZ', 'components': [], 'channel_id': '940760484972470302', 'author': {'username': 'HcT', 'public_flags': 0, 'id': '938954382916067339', 'discriminator': '2174', 'bot': True, 'avatar': None}, 'attachments': [], 'guild_id': '938952909771657296'}}
2022-02-09 03:51:17,730:DEBUG:discord.client: Dispatching event socket_response
2022-02-09 03:51:17,730:DEBUG:discord.client: Dispatching event message
2022-02-09 03:51:17,757:DEBUG:discord.http: POST https://discord.com/api/v7/channels/940760484972470302/messages with {"content":"DENEME KANALINA HO\u015eGELD\u0130N\u0130Z"} has returned 200
2022-02-09 03:51:17,757:DEBUG:discord.http: POST https://discord.com/api/v7/channels/940760484972470302/messages has received {'id': '940771802827882526', 'type': 0, 'content': 'DENEME KANALINA HOŞGELDİNİZ', 'channel_id': '940760484972470302', 'author': {'id': '938954382916067339', 'username': 'HcT', 'avatar': None, 'discriminator': '2174', 'public_flags': 0, 'bot': True}, 'attachments': [], 'embeds': [], 'mentions': [], 'mention_roles': [], 'pinned': False, 'mention_everyone': False, 'tts': False, 'timestamp': '2022-02-09T00:51:16.489000+00:00', 'edited_timestamp': None, 'flags': 0, 'components': [], 'referenced_message': None}
2022-02-09 03:51:36,140:DEBUG:discord.gateway: Keeping shard ID None websocket alive with sequence 11.
2022-02-09 03:51:36,281:DEBUG:discord.client: Dispatching event socket_raw_receive
2022-02-09 03:51:36,282:DEBUG:discord.gateway: For Shard ID None: WebSocket Event: {'t': None, 's': None, 'op': 11, 'd': None}
2022-02-09 03:51:36,282:DEBUG:discord.client: Dispatching event socket_response
2022-02-09 03:52:17,401:DEBUG:discord.gateway: Keeping shard ID None websocket alive with sequence 11.
2022-02-09 03:52:17,544:DEBUG:discord.client: Dispatching event socket_raw_receive
2022-02-09 03:52:17,545:DEBUG:discord.gateway: For Shard ID None: WebSocket Event: {'t': None, 's': None, 'op': 11, 'd': None}
2022-02-09 03:52:17,545:DEBUG:discord.client: Dispatching event socket_response
2022-02-09 03:52:58,666:DEBUG:discord.gateway: Keeping shard ID None websocket alive with sequence 11.
2022-02-09 03:52:58,805:DEBUG:discord.client: Dispatching event socket_raw_receive
2022-02-09 03:52:58,805:DEBUG:discord.gateway: For Shard ID None: WebSocket Event: {'t': None, 's': None, 'op': 11, 'd': None}
2022-02-09 03:52:58,806:DEBUG:discord.client: Dispatching event socket_response
2022-02-09 03:53:39,920:DEBUG:discord.gateway: Keeping shard ID None websocket alive with sequence 11.
2022-02-09 03:53:40,061:DEBUG:discord.client: Dispatching event socket_raw_receive
2022-02-09 03:53:40,061:DEBUG:discord.gateway: For Shard ID None: WebSocket Event: {'t': None, 's': None, 'op': 11, 'd': None}
2022-02-09 03:53:40,061:DEBUG:discord.client: Dispatching event socket_response
2022-02-09 03:54:21,187:DEBUG:discord.gateway: Keeping shard ID None websocket alive with sequence 11.
2022-02-09 03:54:21,330:DEBUG:discord.client: Dispatching event socket_raw_receive
2022-02-09 03:54:21,330:DEBUG:discord.gateway: For Shard ID None: WebSocket Event: {'t': None, 's': None, 'op': 11, 'd': None}
2022-02-09 03:54:21,330:DEBUG:discord.client: Dispatching event socket_response
2022-02-09 03:55:02,451:DEBUG:discord.gateway: Keeping shard ID None websocket alive with sequence 11.
2022-02-09 03:55:02,592:DEBUG:discord.client: Dispatching event socket_raw_receive
2022-02-09 03:55:02,593:DEBUG:discord.gateway: For Shard ID None: WebSocket Event: {'t': None, 's': None, 'op': 11, 'd': None}
2022-02-09 03:55:02,593:DEBUG:discord.client: Dispatching event socket_response
